<?xml version="1.0" encoding="UTF-8"?>
<!-- Generated by org.testng.reporters.JUnitReportReporter -->
<testsuite skipped="0" hostname="DESKTOP-GQFH89F" name="testCases.LoginTestPage" tests="2" failures="0" timestamp="11 Jun 2021 13:36:54 GMT" time="23.680" errors="0">
  <testcase name="LoginTest" time="13.156" classname="testCases.LoginTestPage"/>
  <testcase name="loginPageTitleTest" time="10.524" classname="testCases.LoginTestPage"/>
</testsuite> <!-- testCases.LoginTestPage -->
